<?xml version="1.0" encoding="UTF-8"?>
<!-- Generated by org.testng.reporters.JUnitXMLReporter -->
<testsuite hostname="CEI3164" ignored="0" name="E-CommerceApp Test" tests="1" failures="1" timestamp="14 Jul 2020 13:26:53 GMT" time="24.224" errors="0">
  <testcase name="loginTest" time="10.648" classname="com.MyStore.TestCases.TC_LoginPage_001">
    <failure type="java.lang.AssertionError" message="expected [true] but found [false]">
      <![CDATA[java.lang.AssertionError: expected [true] but found [false]
at com.MyStore.TestCases.TC_LoginPage_001.loginTest(TC_LoginPage_001.java:36)
... Removed 29 stack frames]]>
    </failure>
  </testcase> <!-- loginTest -->
</testsuite> <!-- E-CommerceApp Test -->
